2024-04-03 19:38:20,923 : logger : INFO : **********Exicution Started*********
2024-04-03 19:38:21,114 : logger : INFO : Your Username is: piyushdravyakar48@gmail.com -
2024-04-03 19:38:21,340 : logger : INFO : Your password is: Piyush@123 -
2024-04-03 19:38:22,698 : logger : INFO : Click on Login button
2024-04-03 19:38:22,733 : logger : ERROR : Test case is failed
2024-04-03 19:38:22,924 : logger : INFO : **********Exicution Succesful*********
2024-04-03 19:46:29,501 : logger : INFO : **********Exicution Started*********
2024-04-03 19:46:29,604 : logger : INFO : Your Username is: piyushdravyakar48@gmail.com -
2024-04-03 19:46:29,724 : logger : INFO : Your password is: Piyush@123 -
2024-04-03 19:46:31,308 : logger : INFO : Click on Login button
2024-04-03 19:46:31,342 : logger : ERROR : Test case is failed
2024-04-03 19:46:31,430 : logger : INFO : **********Exicution Succesful*********
2024-04-03 19:50:27,141 : logger : INFO : **********Exicution Started*********
2024-04-03 19:50:27,332 : logger : INFO : Your Username is: piyushdravyakar48@gmail.com -
2024-04-03 19:50:27,450 : logger : INFO : Your password is: Piyush@123 -
2024-04-03 19:50:28,698 : logger : INFO : Click on Login button
2024-04-03 19:50:28,720 : logger : ERROR : Test case is failed
2024-04-03 19:50:28,784 : logger : INFO : **********Exicution Succesful*********
2024-04-03 19:51:45,296 : logger : INFO : **********Exicution Started*********
2024-04-03 19:51:45,386 : logger : INFO : Your Username is: piyushdravyakar48@gmail.com -
2024-04-03 19:51:45,489 : logger : INFO : Your password is: Piyush@123 -
2024-04-03 19:51:46,751 : logger : INFO : Click on Login button
2024-04-03 19:51:46,773 : logger : ERROR : Test case is failed
2024-04-03 19:51:46,839 : logger : INFO : **********Exicution Succesful*********
2024-04-03 20:20:45,677 : logger : INFO : **********Exicution Started*********
2024-04-03 20:20:45,841 : logger : INFO : Your Username is: piyushdravyakar48@gmail.com -
2024-04-03 20:20:45,895 : logger : INFO : Your password is: Piyush@123 -
2024-04-03 20:20:47,229 : logger : INFO : Click on Login button
2024-04-03 20:20:47,251 : logger : ERROR : Test case is failed
2024-04-03 20:20:47,350 : logger : INFO : **********Exicution Succesful*********
2024-04-03 20:23:22,657 : logger : INFO : **********Exicution Started*********
2024-04-03 20:23:22,771 : logger : INFO : Your Username is: piyushdravyakar48@gmail.com -
2024-04-03 20:23:22,908 : logger : INFO : Your password is: Piyush@123 -
2024-04-03 20:23:24,691 : logger : INFO : Click on Login button
2024-04-03 20:23:24,715 : logger : ERROR : Test case is failed
2024-04-03 20:23:24,815 : logger : INFO : **********Exicution Succesful*********
2024-04-03 20:23:50,366 : logger : INFO : **********Exicution Started*********
2024-04-03 20:23:50,475 : logger : INFO : Your Username is: piyushdravyakar48@gmail.com -
2024-04-03 20:23:50,603 : logger : INFO : Your password is: Piyush@123 -
2024-04-03 20:23:51,733 : logger : INFO : Click on Login button
2024-04-03 20:23:51,754 : logger : ERROR : Test case is failed
2024-04-03 20:23:51,858 : logger : INFO : **********Exicution Succesful*********
2024-04-03 20:26:15,350 : logger : INFO : **********Exicution Started*********
2024-04-03 20:26:15,458 : logger : INFO : Your Username is: piyushdravyakar48@gmail.com -
2024-04-03 20:26:15,565 : logger : INFO : Your password is: Piyush@123 -
2024-04-03 20:26:16,679 : logger : INFO : Click on Login button
2024-04-03 20:26:16,701 : logger : ERROR : Test case is failed
2024-04-03 20:26:16,765 : logger : INFO : **********Exicution Succesful*********
2024-04-03 20:29:27,317 : logger : INFO : **********Exicution Started*********
2024-04-03 20:29:27,502 : logger : INFO : Your Username is: piyushdravyakar48@gmail.com -
2024-04-03 20:29:27,555 : logger : INFO : Your password is: Piyush@123 -
2024-04-03 20:29:28,808 : logger : INFO : Click on Login button
2024-04-03 20:29:28,839 : logger : ERROR : Test case is failed
2024-04-03 20:29:28,947 : logger : INFO : **********Exicution Succesful*********
2024-04-03 20:30:07,045 : logger : INFO : **********Exicution Started*********
2024-04-03 20:30:07,212 : logger : INFO : Your Username is: piyushdravyakar48@gmail.com -
2024-04-03 20:30:07,273 : logger : INFO : Your password is: Piyush@123 -
2024-04-03 20:30:08,496 : logger : INFO : Click on Login button
2024-04-03 20:30:08,520 : logger : ERROR : Test case is failed
2024-04-03 20:30:08,611 : logger : INFO : **********Exicution Succesful*********
2024-04-03 20:30:33,609 : logger : INFO : **********Exicution Started*********
2024-04-03 20:30:33,741 : logger : INFO : Your Username is: piyushdravyakar48@gmail.com -
2024-04-03 20:30:33,802 : logger : INFO : Your password is: Piyush@123 -
2024-04-03 20:30:35,976 : logger : INFO : Click on Login button
2024-04-03 20:30:36,013 : logger : ERROR : Test case is failed
2024-04-03 20:30:36,122 : logger : INFO : **********Exicution Succesful*********
2024-04-03 20:32:28,868 : logger : INFO : **********Exicution Started*********
2024-04-03 20:32:28,998 : logger : INFO : Your Username is: piyushdravyakar48@gmail.com -
2024-04-03 20:32:29,062 : logger : INFO : Your password is: Piyush@123 -
2024-04-03 20:32:30,465 : logger : INFO : Click on Login button
2024-04-03 20:32:30,485 : logger : ERROR : Test case is failed
2024-04-03 20:32:30,580 : logger : INFO : **********Exicution Succesful*********
2024-04-03 20:33:32,515 : logger : INFO : **********Exicution Started*********
2024-04-03 20:33:32,733 : logger : INFO : Your Username is: piyushdravyakar48@gmail.com -
2024-04-03 20:33:32,849 : logger : INFO : Your password is: Piyush@123 -
2024-04-03 20:33:34,117 : logger : INFO : Click on Login button
2024-04-03 20:33:34,145 : logger : ERROR : Test case is failed
2024-04-03 20:33:34,342 : logger : INFO : **********Exicution Succesful*********
2024-04-03 20:34:01,118 : logger : INFO : **********Exicution Started*********
2024-04-03 20:34:01,240 : logger : INFO : Your Username is: piyushdravyakar48@gmail.com -
2024-04-03 20:34:01,306 : logger : INFO : Your password is: Piyush@123 -
2024-04-03 20:34:02,539 : logger : INFO : Click on Login button
2024-04-03 20:34:02,560 : logger : ERROR : Test case is failed
2024-04-03 20:34:02,651 : logger : INFO : **********Exicution Succesful*********
2024-04-03 20:35:10,069 : logger : INFO : **********Exicution Started*********
2024-04-03 20:35:10,241 : logger : INFO : Your Username is: piyushdravyakar48@gmail.com -
2024-04-03 20:35:10,304 : logger : INFO : Your password is: Piyush@123 -
2024-04-03 20:35:11,476 : logger : INFO : Click on Login button
2024-04-03 20:35:11,498 : logger : ERROR : Test case is failed
2024-04-03 20:35:11,579 : logger : INFO : **********Exicution Succesful*********
2024-04-03 20:37:09,960 : logger : INFO : **********Exicution Started*********
2024-04-03 20:37:10,097 : logger : INFO : Your Username is: piyushdravyakar48@gmail.com -
2024-04-03 20:37:10,177 : logger : INFO : Your password is: Piyush@123 -
2024-04-03 20:37:11,476 : logger : INFO : Click on Login button
2024-04-03 20:37:11,499 : logger : ERROR : Test case is failed
2024-04-03 20:37:11,606 : logger : INFO : **********Exicution Succesful*********
2024-04-03 20:39:54,367 : logger : INFO : **********Exicution Started*********
2024-04-03 20:39:54,539 : logger : INFO : Your Username is: piyushdravyakar48@gmail.com -
2024-04-03 20:39:54,727 : logger : INFO : Your password is: Piyush@123 -
2024-04-03 20:39:56,147 : logger : INFO : Click on Login button
2024-04-03 20:39:56,207 : logger : ERROR : Test case is failed
2024-04-03 20:39:56,478 : logger : INFO : **********Exicution Succesful*********
2024-04-03 20:45:29,698 : logger : INFO : **********Exicution Started*********
2024-04-03 20:45:29,850 : logger : INFO : Your Username is: piyushdravyakar48@gmail.com -
2024-04-03 20:45:29,928 : logger : INFO : Your password is: Piyush@123 -
2024-04-03 20:45:31,330 : logger : INFO : Click on Login button
2024-04-03 20:45:31,363 : logger : ERROR : Test case is failed
2024-04-03 20:45:31,467 : logger : INFO : **********Exicution Succesful*********
2024-04-03 20:53:58,733 : logger : INFO : **********Exicution Started*********
2024-04-03 20:53:58,967 : logger : INFO : Your Username is: piyushdravyakar48@gmail.com -
2024-04-03 20:53:59,038 : logger : INFO : Your password is: Piyush@123 -
2024-04-03 20:54:00,355 : logger : INFO : Click on Login button
2024-04-03 20:54:00,414 : logger : ERROR : Test case is failed
2024-04-03 20:54:00,597 : logger : INFO : **********Exicution Succesful*********
2024-04-03 20:54:00,597 : logger : INFO : *********Test Case 2 Started**********
2024-04-03 20:54:07,713 : logger : INFO : **********started for loop************
2024-04-03 20:54:07,891 : logger : INFO : *********Test Case 2 Ended**********
2024-04-03 20:54:35,128 : logger : INFO : **********Exicution Started*********
2024-04-03 20:54:35,341 : logger : INFO : Your Username is: piyushdravyakar48@gmail.com -
2024-04-03 20:54:35,417 : logger : INFO : Your password is: Piyush@123 -
2024-04-03 20:54:36,748 : logger : INFO : Click on Login button
2024-04-03 20:54:36,806 : logger : ERROR : Test case is failed
2024-04-03 20:54:36,941 : logger : INFO : **********Exicution Succesful*********
2024-04-03 20:54:36,942 : logger : INFO : *********Test Case 2 Started**********
2024-04-03 20:54:43,290 : logger : INFO : **********started for loop************
2024-04-03 20:54:43,509 : logger : INFO : *********Test Case 2 Ended**********
2024-04-03 20:55:16,154 : logger : INFO : **********Exicution Started*********
2024-04-03 20:55:16,354 : logger : INFO : Your Username is: piyushdravyakar48@gmail.com -
2024-04-03 20:55:16,428 : logger : INFO : Your password is: Piyush@123 -
2024-04-03 20:55:17,889 : logger : INFO : Click on Login button
2024-04-03 20:55:17,923 : logger : ERROR : Test case is failed
2024-04-03 20:55:18,145 : logger : INFO : **********Exicution Succesful*********
2024-04-03 20:55:18,145 : logger : INFO : *********Test Case 2 Started**********
2024-04-03 20:55:24,468 : logger : INFO : **********started for loop************
2024-04-03 20:55:24,603 : logger : INFO : *********Test Case 2 Ended**********
2024-04-03 20:56:04,119 : logger : INFO : **********Exicution Started*********
2024-04-03 20:56:04,437 : logger : INFO : Your Username is: piyushdravyakar48@gmail.com -
2024-04-03 20:56:04,525 : logger : INFO : Your password is: Piyush@123 -
2024-04-03 20:56:06,155 : logger : INFO : Click on Login button
2024-04-03 20:56:06,206 : logger : ERROR : Test case is failed
2024-04-03 20:56:06,290 : logger : INFO : **********Exicution Succesful*********
2024-04-03 20:56:06,291 : logger : INFO : *********Test Case 2 Started**********
2024-04-03 20:56:12,909 : logger : INFO : **********started for loop************
2024-04-03 20:56:13,084 : logger : INFO : *********Test Case 2 Ended**********
2024-04-03 20:58:22,908 : logger : INFO : **********Exicution Started*********
2024-04-03 20:58:23,077 : logger : INFO : Your Username is: piyushdravyakar48@gmail.com -
2024-04-03 20:58:23,145 : logger : INFO : Your password is: Piyush@123 -
2024-04-03 20:58:24,427 : logger : INFO : Click on Login button
2024-04-03 20:58:24,478 : logger : ERROR : Test case is failed
2024-04-03 20:58:24,582 : logger : INFO : **********Exicution Succesful*********
2024-04-03 20:58:29,303 : logger : INFO : **********Exicution Started*********
2024-04-03 20:58:29,552 : logger : INFO : Your Username is: piyushdravyakar48@gmail.com -
2024-04-03 20:58:29,643 : logger : INFO : Your password is: Piyush@123 -
2024-04-03 20:58:30,929 : logger : INFO : Click on Login button
2024-04-03 20:58:30,975 : logger : ERROR : Test case is failed
2024-04-03 20:58:31,110 : logger : INFO : **********Exicution Succesful*********
2024-04-03 20:58:31,111 : logger : INFO : *********Test Case 2 Started**********
2024-04-03 20:58:37,747 : logger : INFO : **********started for loop************
2024-04-03 20:58:37,919 : logger : INFO : *********Test Case 2 Ended**********
2024-04-03 21:01:07,576 : logger : INFO : **********Exicution Started*********
2024-04-03 21:01:07,835 : logger : INFO : Your Username is: piyushdravyakar48@gmail.com -
2024-04-03 21:01:07,909 : logger : INFO : Your password is: Piyush@123 -
2024-04-03 21:01:09,394 : logger : INFO : Click on Login button
2024-04-03 21:01:09,426 : logger : ERROR : Test case is failed
2024-04-03 21:01:09,534 : logger : INFO : **********Exicution Succesful*********
2024-04-03 21:01:13,926 : logger : INFO : **********Exicution Started*********
2024-04-03 21:01:14,104 : logger : INFO : Your Username is: piyushdravyakar48@gmail.com -
2024-04-03 21:01:14,171 : logger : INFO : Your password is: Piyush@123 -
2024-04-03 21:01:16,125 : logger : INFO : Click on Login button
2024-04-03 21:01:16,164 : logger : ERROR : Test case is failed
2024-04-03 21:01:16,328 : logger : INFO : **********Exicution Succesful*********
2024-04-03 21:01:16,328 : logger : INFO : *********Test Case 2 Started**********
2024-04-03 21:01:23,056 : logger : INFO : **********started for loop************
2024-04-03 21:01:23,196 : logger : INFO : *********Test Case 2 Ended**********
